[debug] [2024-06-08T20:54:13.638Z] ----------------------------------------------------------------------
[debug] [2024-06-08T20:54:13.641Z] Command:       /nix/store/2hxfkbdbwh2s7rc20khzq8sjnywq0xs8-nodejs-18.19.1/bin/node /nix/store/9cksgsmi7xwqm3js1z92zhib6rnrjdcg-firebase-tools-13.9.0/lib/node_modules/firebase-tools/lib/bin/firebase.js init hosting
[debug] [2024-06-08T20:54:13.642Z] CLI Version:   13.9.0
[debug] [2024-06-08T20:54:13.643Z] Platform:      linux
[debug] [2024-06-08T20:54:13.643Z] Node Version:  v18.19.1
[debug] [2024-06-08T20:54:13.643Z] Time:          Sat Jun 08 2024 20:54:13 GMT+0000 (Coordinated Universal Time)
[debug] [2024-06-08T20:54:13.644Z] ----------------------------------------------------------------------
[debug] 
[debug] [2024-06-08T20:54:13.648Z] >>> [apiv2][query] GET https://firebase-public.firebaseio.com/cli.json [none]
[debug] [2024-06-08T20:54:13.704Z] > command requires scopes: ["email","openid","https://www.googleapis.com/auth/cloudplatformprojects.readonly","https://www.googleapis.com/auth/firebase","https://www.googleapis.com/auth/cloud-platform"]
[debug] [2024-06-08T20:54:13.812Z] <<< [apiv2][status] GET https://firebase-public.firebaseio.com/cli.json 200
[debug] [2024-06-08T20:54:13.813Z] <<< [apiv2][body] GET https://firebase-public.firebaseio.com/cli.json {"cloudBuildErrorAfter":1594252800000,"cloudBuildWarnAfter":1590019200000,"defaultNode10After":1594252800000,"minVersion":"3.0.5","node8DeploysDisabledAfter":1613390400000,"node8RuntimeDisabledAfter":1615809600000,"node8WarnAfter":1600128000000}
[info] 
     ######## #### ########  ######## ########     ###     ######  ########
     ##        ##  ##     ## ##       ##     ##  ##   ##  ##       ##
     ######    ##  ########  ######   ########  #########  ######  ######
     ##        ##  ##    ##  ##       ##     ## ##     ##       ## ##
     ##       #### ##     ## ######## ########  ##     ##  ######  ########

You're about to initialize a Firebase project in this directory:

  /home/user/foryou

[info] 
=== Project Setup
[info] 
[info] First, let's associate this project directory with a Firebase project.
[info] You can create multiple project aliases by running firebase use --add, 
[info] but for now we'll just set up a default project.
[info] 
